Using pre-set license
Built from '2021.1/staging' branch; Version is '2021.1.6f1 (c0fade0cc7e9) revision 12647134'; Using compiler version '192528614'; Build Type 'Release'
OS: 'Windows 10 Enterprise; OS build 18363.778; Version 1909; 64bit' Language: 'ru' Physical Memory: 16332 MB
BatchMode: 1, IsHumanControllingUs: 0, StartBugReporterOnCrash: 0, Is64bit: 1, IsPro: 0

 COMMAND LINE ARGUMENTS:
D:\UnityHub\2021.1.6f1\Editor\Unity.exe
-adb2
-batchMode
-noUpm
-name
AssetImportWorker1
-projectPath
D:/UnityProjects/Balls
-logFile
Logs/AssetImportWorker1.log
-srvPort
50889
Successfully changed project path to: D:/UnityProjects/Balls
D:/UnityProjects/Balls
Using Asset Import Pipeline V2.
Refreshing native plugins compatible for Editor in 73.74 ms, found 1 plugins.
Preloading 0 native plugins for Editor in 0.00 ms.
Initialize engine version: 2021.1.6f1 (c0fade0cc7e9)
[Subsystems] Discovering subsystems at path D:/UnityHub/2021.1.6f1/Editor/Data/Resources/UnitySubsystems
[Subsystems] Discovering subsystems at path D:/UnityProjects/Balls/Assets
GfxDevice: creating device client; threaded=0; jobified=0
Direct3D:
    Version:  Direct3D 11.0 [level 11.1]
    Renderer: NVIDIA GeForce GTX 1660 (ID=0x2184)
    Vendor:   NVIDIA
    VRAM:     5991 MB
    Driver:   27.21.14.6677
Initialize mono
Mono path[0] = 'D:/UnityHub/2021.1.6f1/Editor/Data/Managed'
Mono path[1] = 'D:/UnityHub/2021.1.6f1/Editor/Data/MonoBleedingEdge/lib/mono/unityjit'
Mono config path = 'D:/UnityHub/2021.1.6f1/Editor/Data/MonoBleedingEdge/etc'
Using monoOptions --debugger-agent=transport=dt_socket,embedding=1,server=y,suspend=n,address=127.0.0.1:56184
Begin MonoManager ReloadAssembly
Registering precompiled unity dll's ...
Register platform support module: D:/UnityHub/2021.1.6f1/Editor/Data/PlaybackEngines/WebGLSupport/UnityEditor.WebGL.Extensions.dll
Register platform support module: D:/UnityHub/2021.1.6f1/Editor/Data/PlaybackEngines/WindowsStandaloneSupport/UnityEditor.WindowsStandalone.Extensions.dll
Registered in 0.001460 seconds.
Native extension for WindowsStandalone target not found
Native extension for WebGL target not found
Refreshing native plugins compatible for Editor in 93.38 ms, found 1 plugins.
Preloading 0 native plugins for Editor in 0.00 ms.
Mono: successfully reloaded assembly
- Completed reload, in  2.964 seconds
Platform modules already initialized, skipping
Registering precompiled user dll's ...
Registered in 0.003099 seconds.
Begin MonoManager ReloadAssembly
Native extension for WindowsStandalone target not found
Native extension for WebGL target not found
Refreshing native plugins compatible for Editor in 0.52 ms, found 1 plugins.
Preloading 0 native plugins for Editor in 0.00 ms.
Mono: successfully reloaded assembly
- Completed reload, in  1.063 seconds
Platform modules already initialized, skipping
========================================================================
Worker process is ready to serve import requests
Launched and connected shader compiler UnityShaderCompiler.exe after 0.04 seconds
Refreshing native plugins compatible for Editor in 0.79 ms, found 1 plugins.
Preloading 0 native plugins for Editor in 0.00 ms.
Unloading 2678 Unused Serialized files (Serialized files now loaded: 0)
System memory in use before: 99.0 MB.
System memory in use after: 99.1 MB.

Unloading 15 unused Assets to reduce memory usage. Loaded Objects now: 3134.
Total: 2.277100 ms (FindLiveObjects: 0.250200 ms CreateObjectMapping: 0.069600 ms MarkObjects: 1.876500 ms  DeleteObjects: 0.079600 ms)

========================================================================
Received Import Request.
  path: Assets/Prefabs/Bullet.prefab
  artifactKey: Guid(57a737e6179da924f9f26ec37648b0ed) Importer(815301076,1909f56bfc062723c751e8b465ee728b)
Start importing Assets/Prefabs/Bullet.prefab using Guid(57a737e6179da924f9f26ec37648b0ed) Importer(815301076,1909f56bfc062723c751e8b465ee728b)  -> (artifact id: '8ee1735c72f6bdfd8d56b1d599cc0955') in 0.137344 seconds 
========================================================================
Received Import Request.
  Time since last request: 6.456418 seconds.
  path: Assets/Prefabs/Bullet.prefab
  artifactKey: Guid(57a737e6179da924f9f26ec37648b0ed) Importer(815301076,1909f56bfc062723c751e8b465ee728b)
Start importing Assets/Prefabs/Bullet.prefab using Guid(57a737e6179da924f9f26ec37648b0ed) Importer(815301076,1909f56bfc062723c751e8b465ee728b)  -> (artifact id: '857c6e2700df6f745afdc91eccb90eda') in 0.013059 seconds 
========================================================================
Received Prepare
Registering precompiled user dll's ...
Registered in 0.003094 seconds.
Begin MonoManager ReloadAssembly
Native extension for WindowsStandalone target not found
Native extension for WebGL target not found
Refreshing native plugins compatible for Editor in 0.51 ms, found 1 plugins.
Preloading 0 native plugins for Editor in 0.00 ms.
Mono: successfully reloaded assembly
- Completed reload, in  0.997 seconds
Platform modules already initialized, skipping
Switching build target platform(19) subTarget(0) extendedPlatform(0) -> platform(13) subTarget(537395200) extendedPlatform(0)
Refreshing native plugins compatible for Editor in 0.56 ms, found 1 plugins.
Preloading 0 native plugins for Editor in 0.00 ms.
Unloading 2676 Unused Serialized files (Serialized files now loaded: 0)
System memory in use before: 102.6 MB.
System memory in use after: 102.8 MB.

Unloading 10 unused Assets to reduce memory usage. Loaded Objects now: 3145.
Total: 2.087200 ms (FindLiveObjects: 0.246700 ms CreateObjectMapping: 0.071600 ms MarkObjects: 1.720100 ms  DeleteObjects: 0.047700 ms)

AssetImportParameters requested are different than current active one (requested -> active):
  custom:graphics/normal-map-encoding: 01000000000000000000000000000000 -> 02000000000000000000000000000000
========================================================================
Received Import Request.
  Time since last request: 34.401680 seconds.
  path: Assets/Prefabs/Bullet.prefab
  artifactKey: Guid(57a737e6179da924f9f26ec37648b0ed) Importer(815301076,1909f56bfc062723c751e8b465ee728b)
Start importing Assets/Prefabs/Bullet.prefab using Guid(57a737e6179da924f9f26ec37648b0ed) Importer(815301076,1909f56bfc062723c751e8b465ee728b)  -> (artifact id: 'c7d6dd2dcee8156f55e07a49dbb4407b') in 0.061414 seconds 
========================================================================
Received Prepare
Registering precompiled user dll's ...
Registered in 0.003019 seconds.
Begin MonoManager ReloadAssembly
Native extension for WindowsStandalone target not found
Native extension for WebGL target not found
Refreshing native plugins compatible for Editor in 0.52 ms, found 1 plugins.
Preloading 0 native plugins for Editor in 0.00 ms.
Mono: successfully reloaded assembly
- Completed reload, in  0.988 seconds
Platform modules already initialized, skipping
Switching build target platform(19) subTarget(0) extendedPlatform(0) -> platform(13) subTarget(537395200) extendedPlatform(0)
Refreshing native plugins compatible for Editor in 0.48 ms, found 1 plugins.
Preloading 0 native plugins for Editor in 0.00 ms.
Unloading 2676 Unused Serialized files (Serialized files now loaded: 0)
System memory in use before: 102.7 MB.
System memory in use after: 102.9 MB.

Unloading 10 unused Assets to reduce memory usage. Loaded Objects now: 3149.
Total: 1.941300 ms (FindLiveObjects: 0.227600 ms CreateObjectMapping: 0.067200 ms MarkObjects: 1.602900 ms  DeleteObjects: 0.042700 ms)

AssetImportParameters requested are different than current active one (requested -> active):
  custom:graphics/normal-map-encoding: 01000000000000000000000000000000 -> 02000000000000000000000000000000
========================================================================
Received Prepare
Refreshing native plugins compatible for Editor in 2.42 ms, found 1 plugins.
Preloading 0 native plugins for Editor in 0.00 ms.
Unloading 8 Unused Serialized files (Serialized files now loaded: 0)
System memory in use before: 49.9 MB.
System memory in use after: 50.1 MB.

Unloading 8 unused Assets to reduce memory usage. Loaded Objects now: 3149.
Total: 2.063900 ms (FindLiveObjects: 0.232800 ms CreateObjectMapping: 0.068400 ms MarkObjects: 1.715000 ms  DeleteObjects: 0.047000 ms)

========================================================================
Received Import Request.
  Time since last request: 1274.784090 seconds.
  path: Assets/Materials/Platform.mat
  artifactKey: Guid(bb8c2fe7b3d2d4f4e8dd494d7b80f841) Importer(815301076,1909f56bfc062723c751e8b465ee728b)
Start importing Assets/Materials/Platform.mat using Guid(bb8c2fe7b3d2d4f4e8dd494d7b80f841) Importer(815301076,1909f56bfc062723c751e8b465ee728b)  -> (artifact id: '484f5c5629e55bc927905bea2012fb34') in 0.120333 seconds 
========================================================================
Received Prepare
Registering precompiled user dll's ...
Registered in 0.003064 seconds.
Begin MonoManager ReloadAssembly
Native extension for WindowsStandalone target not found
Native extension for WebGL target not found
Refreshing native plugins compatible for Editor in 0.49 ms, found 1 plugins.
Preloading 0 native plugins for Editor in 0.00 ms.
Mono: successfully reloaded assembly
- Completed reload, in  0.951 seconds
Platform modules already initialized, skipping
Switching build target platform(19) subTarget(0) extendedPlatform(0) -> platform(13) subTarget(537395200) extendedPlatform(0)
Refreshing native plugins compatible for Editor in 0.49 ms, found 1 plugins.
Preloading 0 native plugins for Editor in 0.00 ms.
Unloading 2676 Unused Serialized files (Serialized files now loaded: 0)
System memory in use before: 103.2 MB.
System memory in use after: 103.4 MB.

Unloading 10 unused Assets to reduce memory usage. Loaded Objects now: 3188.
Total: 2.117300 ms (FindLiveObjects: 0.239300 ms CreateObjectMapping: 0.068600 ms MarkObjects: 1.762000 ms  DeleteObjects: 0.046200 ms)

AssetImportParameters requested are different than current active one (requested -> active):
  custom:graphics/normal-map-encoding: 01000000000000000000000000000000 -> 02000000000000000000000000000000
========================================================================
Received Import Request.
  Time since last request: 100.534748 seconds.
  path: Assets/Scripts/PlayerModel.cs
  artifactKey: Guid(a92248c678a44fa41a969e3e7e9070d5) Importer(815301076,1909f56bfc062723c751e8b465ee728b)
Start importing Assets/Scripts/PlayerModel.cs using Guid(a92248c678a44fa41a969e3e7e9070d5) Importer(815301076,1909f56bfc062723c751e8b465ee728b)  -> (artifact id: '64a1b03f8d310e51356b9706ea131802') in 0.012496 seconds 
========================================================================
Received Prepare
Registering precompiled user dll's ...
Registered in 0.003078 seconds.
Begin MonoManager ReloadAssembly
Native extension for WindowsStandalone target not found
Native extension for WebGL target not found
Refreshing native plugins compatible for Editor in 0.56 ms, found 1 plugins.
Preloading 0 native plugins for Editor in 0.00 ms.
Mono: successfully reloaded assembly
- Completed reload, in  0.999 seconds
Platform modules already initialized, skipping
Switching build target platform(19) subTarget(0) extendedPlatform(0) -> platform(13) subTarget(537395200) extendedPlatform(0)
Refreshing native plugins compatible for Editor in 0.51 ms, found 1 plugins.
Preloading 0 native plugins for Editor in 0.00 ms.
Unloading 2675 Unused Serialized files (Serialized files now loaded: 0)
System memory in use before: 103.2 MB.
System memory in use after: 103.4 MB.

Unloading 11 unused Assets to reduce memory usage. Loaded Objects now: 3190.
Total: 2.153600 ms (FindLiveObjects: 0.252800 ms CreateObjectMapping: 0.066400 ms MarkObjects: 1.771000 ms  DeleteObjects: 0.061800 ms)

AssetImportParameters requested are different than current active one (requested -> active):
  custom:graphics/normal-map-encoding: 01000000000000000000000000000000 -> 02000000000000000000000000000000
========================================================================
Received Prepare
Registering precompiled user dll's ...
Registered in 0.003024 seconds.
Begin MonoManager ReloadAssembly
Native extension for WindowsStandalone target not found
Native extension for WebGL target not found
Refreshing native plugins compatible for Editor in 0.51 ms, found 1 plugins.
Preloading 0 native plugins for Editor in 0.00 ms.
Mono: successfully reloaded assembly
- Completed reload, in  0.977 seconds
Platform modules already initialized, skipping
Switching build target platform(19) subTarget(0) extendedPlatform(0) -> platform(13) subTarget(537395200) extendedPlatform(0)
Refreshing native plugins compatible for Editor in 0.54 ms, found 1 plugins.
Preloading 0 native plugins for Editor in 0.00 ms.
Unloading 2675 Unused Serialized files (Serialized files now loaded: 0)
System memory in use before: 103.2 MB.
System memory in use after: 103.4 MB.

Unloading 10 unused Assets to reduce memory usage. Loaded Objects now: 3193.
Total: 2.215500 ms (FindLiveObjects: 0.280800 ms CreateObjectMapping: 0.070100 ms MarkObjects: 1.813200 ms  DeleteObjects: 0.050000 ms)

AssetImportParameters requested are different than current active one (requested -> active):
  custom:graphics/normal-map-encoding: 01000000000000000000000000000000 -> 02000000000000000000000000000000
========================================================================
Received Prepare
Registering precompiled user dll's ...
Registered in 0.003067 seconds.
Begin MonoManager ReloadAssembly
Native extension for WindowsStandalone target not found
Native extension for WebGL target not found
Refreshing native plugins compatible for Editor in 0.49 ms, found 1 plugins.
Preloading 0 native plugins for Editor in 0.00 ms.
Mono: successfully reloaded assembly
- Completed reload, in  0.960 seconds
Platform modules already initialized, skipping
Switching build target platform(19) subTarget(0) extendedPlatform(0) -> platform(13) subTarget(537395200) extendedPlatform(0)
Refreshing native plugins compatible for Editor in 0.49 ms, found 1 plugins.
Preloading 0 native plugins for Editor in 0.00 ms.
Unloading 2675 Unused Serialized files (Serialized files now loaded: 0)
System memory in use before: 103.2 MB.
System memory in use after: 103.4 MB.

Unloading 10 unused Assets to reduce memory usage. Loaded Objects now: 3196.
Total: 2.182800 ms (FindLiveObjects: 0.246100 ms CreateObjectMapping: 0.067700 ms MarkObjects: 1.818500 ms  DeleteObjects: 0.048900 ms)

AssetImportParameters requested are different than current active one (requested -> active):
  custom:graphics/normal-map-encoding: 01000000000000000000000000000000 -> 02000000000000000000000000000000
========================================================================
Received Prepare
Registering precompiled user dll's ...
Registered in 0.003024 seconds.
Begin MonoManager ReloadAssembly
Native extension for WindowsStandalone target not found
Native extension for WebGL target not found
Refreshing native plugins compatible for Editor in 0.51 ms, found 1 plugins.
Preloading 0 native plugins for Editor in 0.00 ms.
Mono: successfully reloaded assembly
- Completed reload, in  0.970 seconds
Platform modules already initialized, skipping
Switching build target platform(19) subTarget(0) extendedPlatform(0) -> platform(13) subTarget(537395200) extendedPlatform(0)
Refreshing native plugins compatible for Editor in 0.49 ms, found 1 plugins.
Preloading 0 native plugins for Editor in 0.00 ms.
Unloading 2675 Unused Serialized files (Serialized files now loaded: 0)
System memory in use before: 103.3 MB.
System memory in use after: 103.4 MB.

Unloading 10 unused Assets to reduce memory usage. Loaded Objects now: 3199.
Total: 2.062200 ms (FindLiveObjects: 0.245700 ms CreateObjectMapping: 0.067900 ms MarkObjects: 1.694100 ms  DeleteObjects: 0.053000 ms)

AssetImportParameters requested are different than current active one (requested -> active):
  custom:graphics/normal-map-encoding: 01000000000000000000000000000000 -> 02000000000000000000000000000000
========================================================================
Received Prepare
Registering precompiled user dll's ...
Registered in 0.003013 seconds.
Begin MonoManager ReloadAssembly
Native extension for WindowsStandalone target not found
Native extension for WebGL target not found
Refreshing native plugins compatible for Editor in 0.50 ms, found 1 plugins.
Preloading 0 native plugins for Editor in 0.00 ms.
Mono: successfully reloaded assembly
- Completed reload, in  0.983 seconds
Platform modules already initialized, skipping
Switching build target platform(19) subTarget(0) extendedPlatform(0) -> platform(13) subTarget(537395200) extendedPlatform(0)
Refreshing native plugins compatible for Editor in 0.49 ms, found 1 plugins.
Preloading 0 native plugins for Editor in 0.00 ms.
Unloading 2675 Unused Serialized files (Serialized files now loaded: 0)
System memory in use before: 103.3 MB.
System memory in use after: 103.5 MB.

Unloading 10 unused Assets to reduce memory usage. Loaded Objects now: 3202.
Total: 2.040500 ms (FindLiveObjects: 0.247800 ms CreateObjectMapping: 0.073000 ms MarkObjects: 1.669900 ms  DeleteObjects: 0.048700 ms)

AssetImportParameters requested are different than current active one (requested -> active):
  custom:graphics/normal-map-encoding: 01000000000000000000000000000000 -> 02000000000000000000000000000000
========================================================================
Received Prepare
Registering precompiled user dll's ...
Registered in 0.003018 seconds.
Begin MonoManager ReloadAssembly
Native extension for WindowsStandalone target not found
Native extension for WebGL target not found
Refreshing native plugins compatible for Editor in 0.50 ms, found 1 plugins.
Preloading 0 native plugins for Editor in 0.00 ms.
Mono: successfully reloaded assembly
- Completed reload, in  0.966 seconds
Platform modules already initialized, skipping
Switching build target platform(19) subTarget(0) extendedPlatform(0) -> platform(13) subTarget(537395200) extendedPlatform(0)
Refreshing native plugins compatible for Editor in 0.58 ms, found 1 plugins.
Preloading 0 native plugins for Editor in 0.00 ms.
Unloading 2675 Unused Serialized files (Serialized files now loaded: 0)
System memory in use before: 103.3 MB.
System memory in use after: 103.5 MB.

Unloading 10 unused Assets to reduce memory usage. Loaded Objects now: 3205.
Total: 2.043300 ms (FindLiveObjects: 0.262400 ms CreateObjectMapping: 0.074200 ms MarkObjects: 1.655400 ms  DeleteObjects: 0.050300 ms)

AssetImportParameters requested are different than current active one (requested -> active):
  custom:graphics/normal-map-encoding: 01000000000000000000000000000000 -> 02000000000000000000000000000000
========================================================================
Received Prepare
Registering precompiled user dll's ...
Registered in 0.003026 seconds.
Begin MonoManager ReloadAssembly
Native extension for WindowsStandalone target not found
Native extension for WebGL target not found
Refreshing native plugins compatible for Editor in 0.51 ms, found 1 plugins.
Preloading 0 native plugins for Editor in 0.00 ms.
Mono: successfully reloaded assembly
- Completed reload, in  1.011 seconds
Platform modules already initialized, skipping
Switching build target platform(19) subTarget(0) extendedPlatform(0) -> platform(13) subTarget(537395200) extendedPlatform(0)
Refreshing native plugins compatible for Editor in 0.51 ms, found 1 plugins.
Preloading 0 native plugins for Editor in 0.00 ms.
Unloading 2675 Unused Serialized files (Serialized files now loaded: 0)
System memory in use before: 103.3 MB.
System memory in use after: 103.5 MB.

Unloading 10 unused Assets to reduce memory usage. Loaded Objects now: 3208.
Total: 2.116300 ms (FindLiveObjects: 0.249000 ms CreateObjectMapping: 0.069000 ms MarkObjects: 1.747800 ms  DeleteObjects: 0.049000 ms)

AssetImportParameters requested are different than current active one (requested -> active):
  custom:graphics/normal-map-encoding: 01000000000000000000000000000000 -> 02000000000000000000000000000000
========================================================================
Received Import Request.
  Time since last request: 371.649215 seconds.
  path: Assets/Prefabs/Bullet.prefab
  artifactKey: Guid(57a737e6179da924f9f26ec37648b0ed) Importer(815301076,1909f56bfc062723c751e8b465ee728b)
Start importing Assets/Prefabs/Bullet.prefab using Guid(57a737e6179da924f9f26ec37648b0ed) Importer(815301076,1909f56bfc062723c751e8b465ee728b)  -> (artifact id: 'bf400bd22edc5032cbf052223a8641d9') in 0.068256 seconds 
========================================================================
Received Prepare
Registering precompiled user dll's ...
Registered in 0.003014 seconds.
Begin MonoManager ReloadAssembly
Native extension for WindowsStandalone target not found
Native extension for WebGL target not found
Refreshing native plugins compatible for Editor in 0.49 ms, found 1 plugins.
Preloading 0 native plugins for Editor in 0.00 ms.
Mono: successfully reloaded assembly
- Completed reload, in  0.976 seconds
Platform modules already initialized, skipping
Switching build target platform(19) subTarget(0) extendedPlatform(0) -> platform(13) subTarget(537395200) extendedPlatform(0)
Refreshing native plugins compatible for Editor in 0.52 ms, found 1 plugins.
Preloading 0 native plugins for Editor in 0.00 ms.
Unloading 2675 Unused Serialized files (Serialized files now loaded: 0)
System memory in use before: 103.3 MB.
System memory in use after: 103.5 MB.

Unloading 10 unused Assets to reduce memory usage. Loaded Objects now: 3212.
Total: 2.093700 ms (FindLiveObjects: 0.249200 ms CreateObjectMapping: 0.070100 ms MarkObjects: 1.724800 ms  DeleteObjects: 0.048400 ms)

AssetImportParameters requested are different than current active one (requested -> active):
  custom:graphics/normal-map-encoding: 01000000000000000000000000000000 -> 02000000000000000000000000000000
========================================================================
Received Import Request.
  Time since last request: 218.955410 seconds.
  path: Assets/Scripts/Observer.cs
  artifactKey: Guid(159f8d21b102a8742b086d3a84f39289) Importer(815301076,1909f56bfc062723c751e8b465ee728b)
Start importing Assets/Scripts/Observer.cs using Guid(159f8d21b102a8742b086d3a84f39289) Importer(815301076,1909f56bfc062723c751e8b465ee728b)  -> (artifact id: 'b13e9c2df0ddb5da65f561279ec7d292') in 0.009667 seconds 
========================================================================
Received Import Request.
  Time since last request: 0.380371 seconds.
  path: Assets/Scripts/Notifications.cs
  artifactKey: Guid(ffc091ba6316ce6498dcfc10c8cfe858) Importer(815301076,1909f56bfc062723c751e8b465ee728b)
Start importing Assets/Scripts/Notifications.cs using Guid(ffc091ba6316ce6498dcfc10c8cfe858) Importer(815301076,1909f56bfc062723c751e8b465ee728b)  -> (artifact id: '426f59978c56d6cb2c0854a848c9e24c') in 0.005766 seconds 
========================================================================
Received Import Request.
  Time since last request: 0.331880 seconds.
  path: Assets/Scripts/Manager.cs
  artifactKey: Guid(1f44eb32106f61f42b645598a89c6648) Importer(815301076,1909f56bfc062723c751e8b465ee728b)
Start importing Assets/Scripts/Manager.cs using Guid(1f44eb32106f61f42b645598a89c6648) Importer(815301076,1909f56bfc062723c751e8b465ee728b)  -> (artifact id: '2934ebfd99472df7bf84d909c8abc4da') in 0.005715 seconds 
========================================================================
Received Import Request.
  Time since last request: 0.353830 seconds.
  path: Assets/Scripts/Controller.cs
  artifactKey: Guid(2af6061f971af8f48823d0349e395fc2) Importer(815301076,1909f56bfc062723c751e8b465ee728b)
Start importing Assets/Scripts/Controller.cs using Guid(2af6061f971af8f48823d0349e395fc2) Importer(815301076,1909f56bfc062723c751e8b465ee728b)  -> (artifact id: '341e36bd1cfaaeda3f8618e84a2d67cc') in 0.006205 seconds 
========================================================================
Received Import Request.
  Time since last request: 0.635507 seconds.
  path: Assets/Scripts/Spawner.cs
  artifactKey: Guid(3352e54c73a190b4d9529aaad83c689d) Importer(815301076,1909f56bfc062723c751e8b465ee728b)
Start importing Assets/Scripts/Spawner.cs using Guid(3352e54c73a190b4d9529aaad83c689d) Importer(815301076,1909f56bfc062723c751e8b465ee728b)  -> (artifact id: '5cb429d203e676d818716daa6e704404') in 0.005470 seconds 
========================================================================
Received Import Request.
  Time since last request: 0.338242 seconds.
  path: Assets/Scripts/SpawnerModel.cs
  artifactKey: Guid(a2e8f25fbd2384040b95f83292b34a44) Importer(815301076,1909f56bfc062723c751e8b465ee728b)
Start importing Assets/Scripts/SpawnerModel.cs using Guid(a2e8f25fbd2384040b95f83292b34a44) Importer(815301076,1909f56bfc062723c751e8b465ee728b)  -> (artifact id: 'f43ead93df8a8fefbf1a10f73e995bd6') in 0.005833 seconds 
========================================================================
Received Import Request.
  Time since last request: 0.759788 seconds.
  path: Assets/Scripts/Subject.cs
  artifactKey: Guid(df06997e5b229414fa2c5db834a9956b) Importer(815301076,1909f56bfc062723c751e8b465ee728b)
Start importing Assets/Scripts/Subject.cs using Guid(df06997e5b229414fa2c5db834a9956b) Importer(815301076,1909f56bfc062723c751e8b465ee728b)  -> (artifact id: 'c97c7bedc403e9ede00103f246e192ae') in 0.005494 seconds 
========================================================================
Received Import Request.
  Time since last request: 0.305682 seconds.
  path: Assets/Scripts/TargetModel.cs
  artifactKey: Guid(ff1c22a3419eb8f4296a903ca4630736) Importer(815301076,1909f56bfc062723c751e8b465ee728b)
Start importing Assets/Scripts/TargetModel.cs using Guid(ff1c22a3419eb8f4296a903ca4630736) Importer(815301076,1909f56bfc062723c751e8b465ee728b)  -> (artifact id: '5c9ae58b212e37721d06c6db71428f67') in 0.005903 seconds 
========================================================================
Received Import Request.
  Time since last request: 0.664197 seconds.
  path: Assets/Scripts/TargetRotate.cs
  artifactKey: Guid(46b7e75024063c244bd81ad3261d6e78) Importer(815301076,1909f56bfc062723c751e8b465ee728b)
Start importing Assets/Scripts/TargetRotate.cs using Guid(46b7e75024063c244bd81ad3261d6e78) Importer(815301076,1909f56bfc062723c751e8b465ee728b)  -> (artifact id: 'b186ae789743757154847d0f9665e9b5') in 0.005552 seconds 
========================================================================
Received Import Request.
  Time since last request: 0.482099 seconds.
  path: Assets/Scripts/View.cs
  artifactKey: Guid(cb9e4ef4f365f834d8514c986a2b4511) Importer(815301076,1909f56bfc062723c751e8b465ee728b)
Start importing Assets/Scripts/View.cs using Guid(cb9e4ef4f365f834d8514c986a2b4511) Importer(815301076,1909f56bfc062723c751e8b465ee728b)  -> (artifact id: 'ab2d6e5f4ffb419006e6f053049645c1') in 0.005543 seconds 
